<?xml version="1.0" encoding="UTF-8"?>
<testng-results skipped="0" failed="0" ignored="0" total="1" passed="1">
  <reporter-output>
  </reporter-output>
  <suite name="Default suite" duration-ms="16902" started-at="2020-07-23T16:32:57Z" finished-at="2020-07-23T16:33:14Z">
    <groups>
    </groups>
    <test name="Default test" duration-ms="16902" started-at="2020-07-23T16:32:57Z" finished-at="2020-07-23T16:33:14Z">
      <class name="day4.HandlingCalendar">
        <test-method status="PASS" signature="setDateInCalendar()[pri:0, instance:day4.HandlingCalendar@e26948]" name="setDateInCalendar" duration-ms="16858" started-at="2020-07-23T16:32:57Z" finished-at="2020-07-23T16:33:14Z">
          <reporter-output>
          </reporter-output>
        </test-method> <!-- setDateInCalendar -->
      </class> <!-- day4.HandlingCalendar -->
    </test> <!-- Default test -->
  </suite> <!-- Default suite -->
</testng-results>
